MIG: 04:09:56 : xml_input_file: board.prj
MIG: 04:09:56 : Absolute path of xml_input_file: c:/sam_work/git/digilent/Arty-S7-50-base/src/bd/system/ip/system_mig_7series_0_0/board.prj
MIG: 04:09:56 : xml_input_file: board.prj
MIG: 04:09:56 : Absolute path of xml_input_file: c:/sam_work/git/digilent/Arty-S7-50-base/src/bd/system/ip/system_mig_7series_0_0/board.prj
MIG: 04:09:56 : In updateAllModelParams
MIG: 04:09:56 : ################# RUNNING MIG BATCH ###################
MIG: 04:09:56 : Writing IN file for 'system_mig_7series_0_0'...compDirPath: c:/Xilinx/Vivado/2017.1/data/ip/xilinx/mig_7series_v4_0... instDirPath: c:/sam_work/git/digilent/Arty-S7-50-base/src/bd/system/ip/system_mig_7series_0_0
MIG: 04:09:56 : synp_flow:  -- synthesis_mode: Other
MIG: 04:09:56 : outputDirectory: c:/sam_work/git/digilent/Arty-S7-50-base/src/bd/system/ip/system_mig_7series_0_0/_tmp/
MIG: 04:09:56 : vivado_mode: xpg_bd
MIG: 04:09:56 : isPortInterface: 0
MIG: 04:09:56 : isPortInterface: 0
MIG: 04:09:56 : isPortInterface: 0
MIG: 04:09:56 : isPortInterface: 0
MIG: 04:09:56 : isPortInterface: 0
MIG: 04:09:56 : isPortInterface: 0
MIG: 04:09:56 : isPortInterface: 0
MIG: 04:09:56 : isPortInterface: 0
MIG: 04:09:56 : isPortInterface: 0
MIG: 04:09:56 : isPortInterface: 0
MIG: 04:09:56 : isPortInterface: 0
MIG: 04:09:56 : isPortInterface: 0
MIG: 04:09:56 : isPortInterface: 0
MIG: 04:09:56 : isPortInterface: 0
MIG: 04:09:56 : isPortInterface: 0
MIG: 04:09:56 : isPortInterface: 0
MIG: 04:09:56 : isPortInterface: 0
MIG: 04:09:56 : isPortInterface: 0
MIG: 04:09:56 : isPortInterface: 0
MIG: 04:09:56 : isPortInterface: 0
MIG: 04:09:56 : isPortInterface: 0
MIG: 04:09:56 : isPortInterface: 0
MIG: 04:09:56 : isPortInterface: 0
MIG: 04:09:56 : isPortInterface: 0
MIG: 04:09:56 : isPortInterface: 0
MIG: 04:09:56 : isPortInterface: 0
MIG: 04:09:56 : isPortInterface: 0
MIG: 04:09:56 : isPortInterface: 0
MIG: 04:09:56 : isPortInterface: 0
MIG: 04:09:56 : isPortInterface: 0
MIG: 04:09:56 : isPortInterface: 0
MIG: 04:09:56 : isPortInterface: 0
MIG: 04:09:56 : isPortInterface: 0
MIG: 04:09:56 : isPortInterface: 0
MIG: 04:09:56 : isPortInterface: 0
MIG: 04:09:56 : isPortInterface: 0
MIG: 04:09:56 : isPortInterface: 0
MIG: 04:09:56 : isPortInterface: 0
MIG: 04:09:56 : isPortInterface: 0
MIG: 04:09:56 : isPortInterface: 0
MIG: 04:09:56 : isPortInterface: 0
MIG: 04:09:56 : isPortInterface: 0
MIG: 04:09:56 : isPortInterface: 0
MIG: 04:09:56 : isPortInterface: 0
MIG: 04:09:56 : isPortInterface: 0
MIG: 04:09:56 : isPortInterface: 0
MIG: 04:09:56 : isPortInterface: 0
MIG: 04:09:56 : isPortInterface: 0
MIG: 04:09:56 : isPortInterface: 0
MIG: 04:09:56 : isPortInterface: 0
MIG: 04:09:56 : isPortInterface: 0
MIG: 04:09:56 : isPortInterface: 0
MIG: 04:09:57 : isPortInterface: 0
MIG: 04:09:57 : isPortInterface: 0
MIG: 04:09:57 : isPortInterface: 0
MIG: 04:09:57 : isPortInterface: 0
MIG: 04:09:57 : isPortInterface: 0
MIG: 04:09:57 : isPortInterface: 0
MIG: 04:09:57 : isPortInterface: 0
MIG: 04:09:57 : isPortInterface: 0
MIG: 04:09:57 : isPortInterface: 0
MIG: 04:09:57 : isPortInterface: 0
MIG: 04:09:57 : isPortInterface: 0
MIG: 04:09:57 : isPortInterface: 0
MIG: 04:09:57 : isPortInterface: 0
MIG: 04:09:57 : isPortInterface: 0
MIG: 04:09:57 : isPortInterface: 0
MIG: 04:09:57 : isPortInterface: 0
MIG: 04:09:57 : isPortInterface: 0
MIG: 04:09:57 : isPortInterface: 0
MIG: 04:09:57 : isPortInterface: 0
MIG: 04:09:57 : isPortInterface: 0
MIG: 04:09:57 : isPortInterface: 0
MIG: 04:09:57 : isPortInterface: 0
MIG: 04:09:57 : isPortInterface: 0
MIG: 04:09:57 : isPortInterface: 0
MIG: 04:09:57 : isPortInterface: 0
MIG: 04:09:57 : isPortInterface: 0
MIG: 04:09:57 : isPortInterface: 0
MIG: 04:09:57 : isPortInterface: 0
MIG: 04:09:57 : isPortInterface: 0
MIG: 04:09:57 : isPortInterface: 0
MIG: 04:09:57 : isPortInterface: 0
MIG: 04:09:57 : isPortInterface: 0
MIG: 04:09:57 : isPortInterface: 0
MIG: 04:09:57 : isPortInterface: 0
MIG: 04:09:57 : isPortInterface: 0
MIG: 04:09:57 : isPortInterface: 0
MIG: 04:09:57 : isPortInterface: 0
MIG: 04:09:57 : isPortInterface: 0
MIG: 04:09:57 : isPortInterface: 0
MIG: 04:09:57 : isPortInterface: 0
MIG: 04:09:57 : isPortInterface: 0
MIG: 04:09:57 : isPortInterface: 0
MIG: 04:09:57 : isPortInterface: 0
MIG: 04:09:57 : isPortInterface: 0
MIG: 04:09:57 : isPortInterface: 0
MIG: 04:09:57 : isPortInterface: 0
MIG: 04:09:57 : isPortInterface: 0
MIG: 04:09:57 : isPortInterface: 0
MIG: 04:09:57 : isPortInterface: 0
MIG: 04:09:57 : isPortInterface: 0
MIG: 04:09:57 : isPortInterface: 0
MIG: 04:09:57 : isPortInterface: 0
MIG: 04:09:57 : isPortInterface: 0
MIG: 04:09:57 : isPortInterface: 0
MIG: 04:09:57 : isPortInterface: 0
MIG: 04:09:57 : isPortInterface: 0
MIG: 04:09:57 : isPortInterface: 0
MIG: 04:09:57 : isPortInterface: 0
MIG: 04:09:57 : isPortInterface: 0
MIG: 04:09:57 : isPortInterface: 0
MIG: 04:09:57 : isPortInterface: 0
MIG: 04:09:57 : isPortInterface: 0
MIG: 04:09:57 : isPortInterface: 0
MIG: 04:09:57 : isPortInterface: 0
MIG: 04:09:57 : isPortInterface: 0
MIG: 04:09:57 : isPortInterface: 0
MIG: 04:09:57 : isPortInterface: 0
MIG: 04:09:57 : isPortInterface: 0
MIG: 04:09:57 : isPortInterface: 0
MIG: 04:09:57 : isPortInterface: 0
MIG: 04:09:57 : isPortInterface: 0
MIG: 04:09:57 : isPortInterface: 0
MIG: 04:09:57 : isPortInterface: 0
MIG: 04:09:57 : isPortInterface: 0
MIG: 04:09:57 : isPortInterface: 0
MIG: 04:09:57 : isPortInterface: 1
MIG: 04:09:57 : isPortInterface: 0
MIG: 04:09:57 : isPortInterface: 0
MIG: 04:09:57 : isPortInterface: 0
MIG: 04:09:57 : isPortInterface: 0
MIG: 04:09:57 : isPortInterface: 0
MIG: 04:09:57 : isPortInterface: 0
MIG: 04:09:57 : isPortInterface: 0
MIG: 04:09:57 : isPortInterface: 0
MIG: 04:09:57 : isPortInterface: 0
MIG: 04:09:57 : isPortInterface: 0
MIG: 04:09:57 :  locked false  
MIG: 04:09:57 : HDL Language: Verilog
MIG: 04:09:57 : compInfo: true
MIG: 04:09:57 : Vivado Options xc7s50 csga324 -1
MIG: 04:09:57 : 1: xc7s50 2: csga324 3: -1
MIG: 04:09:57 : relative mig path: coregen/ip/xilinx/other/com/xilinx/ip/mig_7series_v4_0/bin/nt64/mig.exe
MIG: 04:09:57 : xilinx_path: C:/Xilinx/Vivado/2017.1/ids_lite/ISE
MIG: 04:09:57 : I am in catch area
MIG: 04:09:57 : Running C:/Xilinx/Vivado/2017.1/ids_lite/ISE/coregen/ip/xilinx/other/com/xilinx/ip/mig_7series_v4_0/bin/nt64/mig.exe -cg_exc_inp c:/sam_work/git/digilent/Arty-S7-50-base/src/bd/system/ip/system_mig_7series_0_0/xil_txt.in -cg_exc_out c:/sam_work/git/digilent/Arty-S7-50-base/src/bd/system/ip/system_mig_7series_0_0/xil_txt.out ... 
MIG: 04:10:07 : XML_INPUT_FILE: c:/sam_work/git/digilent/Arty-S7-50-base/src/bd/system/ip/system_mig_7series_0_0/board.prj
MIG: 04:10:07 : Component_Name: system_mig_7series_0_0
MIG: 04:10:07 : Moving system_mig_7series_0_0 ...
MIG: 04:10:07 : Moving system_mig_7series_0_0.veo ...
MIG: 04:10:07 : Moving system_mig_7series_0_0_xmdf.tcl ...
MIG: 04:10:07 : XGUI hdlLanguage: Verilog
MIG: 04:10:07 : xgui vivado_mode: xpg_bd
MIG: 04:10:07 : xgui hdlLanguage: Verilog -- hdlExt: v
MIG: 04:10:07 : Reading C:/sam_work/git/digilent/Arty-S7-50-base/src/bd/system/ip/system_mig_7series_0_0/system_mig_7series_0_0/user_design/rtl/system_mig_7series_0_0_mig.v ...
MIG: 04:10:08 : 1
MIG: 04:10:08 : Inside fn mem: DDR3
MIG: 04:10:08 : detect_uiclk: 81247969
MIG: 04:10:08 : cntrl:  memtype: DDR3
MIG: 04:10:08 : 649
MIG: 04:10:08 :  MMCM_VCO single ctrl param_name: MMCM_VCO --  possibleMaxVcoVal: 649 
MIG: 04:10:08 : 
MIG: 04:10:08 : 1
MIG: 04:10:08 : 81247969
MIG: 04:10:08 : 
MIG: 04:10:08 :  polarity_value: 1
MIG: 04:10:08 : 
MIG: 04:10:08 : EXTERNAL
MIG: 04:10:08 : cntrl:  memtype: DDR3
MIG: 04:10:08 : Prasad ----: isMMCMExtraClkParam:: MMCM_CLKOUT0_EN --- "TRUE"
MIG: 04:10:08 : TRUE
MIG: 04:10:08 :  MMCM Enable Param: MMCM_CLKOUT0_EN ==> TRUE
MIG: 04:10:08 : Prasad ----: isMMCMExtraClkParam:: MMCM_CLKOUT1_EN --- "FALSE"
MIG: 04:10:08 : 
MIG: 04:10:08 :  MMCM Enable Param: MMCM_CLKOUT1_EN ==> FALSE
MIG: 04:10:08 : Prasad ----: isMMCMExtraClkParam:: MMCM_CLKOUT2_EN --- "FALSE"
MIG: 04:10:08 : 
MIG: 04:10:08 :  MMCM Enable Param: MMCM_CLKOUT2_EN ==> FALSE
MIG: 04:10:08 : Prasad ----: isMMCMExtraClkParam:: MMCM_CLKOUT3_EN --- "FALSE"
MIG: 04:10:08 : 
MIG: 04:10:08 :  MMCM Enable Param: MMCM_CLKOUT3_EN ==> FALSE
MIG: 04:10:08 : Prasad ----: isMMCMExtraClkParam:: MMCM_CLKOUT4_EN --- "FALSE"
MIG: 04:10:08 : 
MIG: 04:10:08 :  MMCM Enable Param: MMCM_CLKOUT4_EN ==> FALSE
MIG: 04:10:08 : Prasad ----: isMMCMExtraClkParam:: MMCM_CLKOUT0_DIVIDE --- 3.250
MIG: 04:10:08 : possibleMaxVcoVal:: 649 ---- paramName: MMCM_CLKOUT0_DIVIDE
MIG: 04:10:08 : 199692308
MIG: 04:10:08 :  MMCM Extra Param: MMCM_CLKOUT0_FREQ ==> 199692308
MIG: 04:10:08 : Prasad ----: isMMCMExtraClkParam:: MMCM_CLKOUT1_DIVIDE --- 1
MIG: 04:10:08 : possibleMaxVcoVal:: 649 ---- paramName: MMCM_CLKOUT1_DIVIDE
MIG: 04:10:08 : 649000000
MIG: 04:10:08 :  MMCM Extra Param: MMCM_CLKOUT1_FREQ ==> 649000000
MIG: 04:10:08 : Prasad ----: isMMCMExtraClkParam:: MMCM_CLKOUT2_DIVIDE --- 1
MIG: 04:10:08 : possibleMaxVcoVal:: 649 ---- paramName: MMCM_CLKOUT2_DIVIDE
MIG: 04:10:08 : 649000000
MIG: 04:10:08 :  MMCM Extra Param: MMCM_CLKOUT2_FREQ ==> 649000000
MIG: 04:10:08 : Prasad ----: isMMCMExtraClkParam:: MMCM_CLKOUT3_DIVIDE --- 1
MIG: 04:10:08 : possibleMaxVcoVal:: 649 ---- paramName: MMCM_CLKOUT3_DIVIDE
MIG: 04:10:08 : 649000000
MIG: 04:10:08 :  MMCM Extra Param: MMCM_CLKOUT3_FREQ ==> 649000000
MIG: 04:10:08 : Prasad ----: isMMCMExtraClkParam:: MMCM_CLKOUT4_DIVIDE --- 1
MIG: 04:10:08 : possibleMaxVcoVal:: 649 ---- paramName: MMCM_CLKOUT4_DIVIDE
MIG: 04:10:08 : 649000000
MIG: 04:10:08 :  MMCM Extra Param: MMCM_CLKOUT4_FREQ ==> 649000000
MIG: 04:10:08 : 
MIG: 04:10:08 :  Valid Param: DDR3_BANK_WIDTH ==> 3
MIG: 04:10:08 : 
MIG: 04:10:08 :  Valid Param: DDR3_CK_WIDTH ==> 1
MIG: 04:10:08 :  Invalid Param: DDR3_COL_WIDTH ==> 10
MIG: 04:10:08 : 
MIG: 04:10:08 :  Valid Param: DDR3_CS_WIDTH ==> 1
MIG: 04:10:08 : 
MIG: 04:10:08 :  Valid Param: DDR3_nCS_PER_RANK ==> 1
MIG: 04:10:08 : 
MIG: 04:10:08 :  Valid Param: DDR3_CKE_WIDTH ==> 1
MIG: 04:10:08 :  Invalid Param: DDR3_DATA_BUF_ADDR_WIDTH ==> 5
MIG: 04:10:08 :  Invalid Param: DDR3_DQ_CNT_WIDTH ==> 4
MIG: 04:10:08 :  Invalid Param: DDR3_DQ_PER_DM ==> 8
MIG: 04:10:08 : 2
MIG: 04:10:08 :  Valid Param: DDR3_DM_WIDTH ==> 2
MIG: 04:10:08 : 16
MIG: 04:10:08 :  Valid Param: DDR3_DQ_WIDTH ==> 16
MIG: 04:10:08 : 2
MIG: 04:10:08 :  Valid Param: DDR3_DQS_WIDTH ==> 2
MIG: 04:10:08 : 
MIG: 04:10:08 :  Valid Param: DDR3_DQS_CNT_WIDTH ==> 1
MIG: 04:10:08 :  Invalid Param: DDR3_DRAM_WIDTH ==> 8
MIG: 04:10:08 : 
MIG: 04:10:08 :  Valid Param: ECC ==> OFF
MIG: 04:10:08 : 16
MIG: 04:10:08 :  Valid Param: DDR3_DATA_WIDTH ==> 16
MIG: 04:10:08 :  Invalid Param: ECC_TEST ==> "OFF"
MIG: 04:10:08 :  Invalid Param: DDR3_PAYLOAD_WIDTH ==> (ECC_TEST == "OFF") ? DATA_WIDTH : DQ_WIDTH
MIG: 04:10:08 :  Invalid Param: DDR3_MEM_ADDR_ORDER ==> "BANK_ROW_COLUMN"
MIG: 04:10:08 :  Invalid Param: DDR3_nBANK_MACHS ==> 4
MIG: 04:10:08 :  Invalid Param: DDR3_RANKS ==> 1
MIG: 04:10:08 : 
MIG: 04:10:08 :  Valid Param: DDR3_ODT_WIDTH ==> 1
MIG: 04:10:08 : 
MIG: 04:10:08 :  Valid Param: DDR3_ROW_WIDTH ==> 14
MIG: 04:10:08 : 28
MIG: 04:10:08 :  Valid Param: DDR3_ADDR_WIDTH ==> 28
MIG: 04:10:08 : 
MIG: 04:10:08 :  Valid Param: DDR3_USE_CS_PORT ==> 1
MIG: 04:10:08 : 
MIG: 04:10:08 :  Valid Param: DDR3_USE_DM_PORT ==> 1
MIG: 04:10:08 : 
MIG: 04:10:08 :  Valid Param: DDR3_USE_ODT_PORT ==> 1
MIG: 04:10:08 :  Invalid Param: DDR3_IS_CLK_SHARED ==> "FALSE"
MIG: 04:10:08 :  Invalid Param: DDR3_PHY_CONTROL_MASTER_BANK ==> 0
MIG: 04:10:08 :  Invalid Param: DDR3_MEM_DENSITY ==> "2Gb"
MIG: 04:10:08 :  Invalid Param: DDR3_MEM_SPEEDGRADE ==> "15E"
MIG: 04:10:08 :  Invalid Param: DDR3_MEM_DEVICE_WIDTH ==> 16
MIG: 04:10:08 :  Invalid Param: DDR3_AL ==> "0"
MIG: 04:10:08 :  Invalid Param: DDR3_nAL ==> 0
MIG: 04:10:08 :  Invalid Param: DDR3_BURST_MODE ==> "8"
MIG: 04:10:08 :  Invalid Param: DDR3_BURST_TYPE ==> "SEQ"
MIG: 04:10:08 :  Invalid Param: DDR3_CL ==> 5
MIG: 04:10:08 :  Invalid Param: DDR3_CWL ==> 5
MIG: 04:10:08 :  Invalid Param: DDR3_OUTPUT_DRV ==> "LOW"
MIG: 04:10:08 :  Invalid Param: DDR3_RTT_NOM ==> "40"
MIG: 04:10:08 :  Invalid Param: DDR3_RTT_WR ==> "OFF"
MIG: 04:10:08 :  Invalid Param: DDR3_ADDR_CMD_MODE ==> "1T"
MIG: 04:10:08 : 
MIG: 04:10:08 :  Valid Param: DDR3_REG_CTRL ==> OFF
MIG: 04:10:08 :  Invalid Param: DDR3_CA_MIRROR ==> "OFF"
MIG: 04:10:08 :  Invalid Param: DDR3_VDD_OP_VOLT ==> "135"
MIG: 04:10:08 :  Invalid Param: DDR3_CLKIN_PERIOD ==> 10000
MIG: 04:10:08 :  Invalid Param: DDR3_CLKFBOUT_MULT ==> 13
MIG: 04:10:08 :  Invalid Param: DDR3_DIVCLK_DIVIDE ==> 1
MIG: 04:10:08 :  Invalid Param: DDR3_CLKOUT0_PHASE ==> 0.0
MIG: 04:10:08 :  Invalid Param: DDR3_CLKOUT0_DIVIDE ==> 2
MIG: 04:10:08 :  Invalid Param: DDR3_CLKOUT1_DIVIDE ==> 4
MIG: 04:10:08 :  Invalid Param: DDR3_CLKOUT2_DIVIDE ==> 64
MIG: 04:10:08 :  Invalid Param: DDR3_CLKOUT3_DIVIDE ==> 16
MIG: 04:10:08 :  Invalid Param: DDR3_MMCM_VCO ==> 649
MIG: 04:10:08 :  Invalid Param: DDR3_MMCM_MULT_F ==> 8
MIG: 04:10:08 :  Invalid Param: DDR3_MMCM_DIVCLK_DIVIDE ==> 1
MIG: 04:10:08 :  Invalid Param: DDR3_MMCM_CLKOUT0_EN ==> "TRUE"
MIG: 04:10:08 :  Invalid Param: DDR3_MMCM_CLKOUT1_EN ==> "FALSE"
MIG: 04:10:08 :  Invalid Param: DDR3_MMCM_CLKOUT2_EN ==> "FALSE"
MIG: 04:10:08 :  Invalid Param: DDR3_MMCM_CLKOUT3_EN ==> "FALSE"
MIG: 04:10:08 :  Invalid Param: DDR3_MMCM_CLKOUT4_EN ==> "FALSE"
MIG: 04:10:08 :  Invalid Param: DDR3_MMCM_CLKOUT0_DIVIDE ==> 3.250
MIG: 04:10:08 :  Invalid Param: DDR3_MMCM_CLKOUT1_DIVIDE ==> 1
MIG: 04:10:08 :  Invalid Param: DDR3_MMCM_CLKOUT2_DIVIDE ==> 1
MIG: 04:10:08 :  Invalid Param: DDR3_MMCM_CLKOUT3_DIVIDE ==> 1
MIG: 04:10:08 :  Invalid Param: DDR3_MMCM_CLKOUT4_DIVIDE ==> 1
MIG: 04:10:08 :  Invalid Param: DDR3_tCKE ==> 5625
MIG: 04:10:08 :  Invalid Param: DDR3_tFAW ==> 45000
MIG: 04:10:09 :  Invalid Param: DDR3_tPRDI ==> 1_000_000
MIG: 04:10:09 :  Invalid Param: DDR3_tRAS ==> 36000
MIG: 04:10:09 :  Invalid Param: DDR3_tRCD ==> 13500
MIG: 04:10:09 :  Invalid Param: DDR3_tREFI ==> 7800000
MIG: 04:10:09 :  Invalid Param: DDR3_tRFC ==> 160000
MIG: 04:10:09 :  Invalid Param: DDR3_tRP ==> 13500
MIG: 04:10:09 :  Invalid Param: DDR3_tRRD ==> 7500
MIG: 04:10:09 :  Invalid Param: DDR3_tRTP ==> 7500
MIG: 04:10:09 :  Invalid Param: DDR3_tWTR ==> 7500
MIG: 04:10:09 :  Invalid Param: DDR3_tZQI ==> 128_000_000
MIG: 04:10:09 :  Invalid Param: DDR3_tZQCS ==> 64
MIG: 04:10:09 :  Invalid Param: DDR3_SIM_BYPASS_INIT_CAL ==> "OFF"
MIG: 04:10:09 :  Invalid Param: DDR3_SIMULATION ==> "FALSE"
MIG: 04:10:09 :  Invalid Param: DDR3_BYTE_LANES_B0 ==> 4'b1111
MIG: 04:10:09 :  Invalid Param: DDR3_BYTE_LANES_B1 ==> 4'b0000
MIG: 04:10:09 :  Invalid Param: DDR3_BYTE_LANES_B2 ==> 4'b0000
MIG: 04:10:09 :  Invalid Param: DDR3_BYTE_LANES_B3 ==> 4'b0000
MIG: 04:10:09 :  Invalid Param: DDR3_BYTE_LANES_B4 ==> 4'b0000
MIG: 04:10:09 :  Invalid Param: DDR3_DATA_CTL_B0 ==> 4'b1100
MIG: 04:10:09 :  Invalid Param: DDR3_DATA_CTL_B1 ==> 4'b0000
MIG: 04:10:09 :  Invalid Param: DDR3_DATA_CTL_B2 ==> 4'b0000
MIG: 04:10:09 :  Invalid Param: DDR3_DATA_CTL_B3 ==> 4'b0000
MIG: 04:10:09 :  Invalid Param: DDR3_DATA_CTL_B4 ==> 4'b0000
MIG: 04:10:09 :  Invalid Param: DDR3_PHY_0_BITLANES ==> 48'h3FE_3FD_FFF_BFF
MIG: 04:10:09 :  Invalid Param: DDR3_PHY_1_BITLANES ==> 48'h000_000_000_000
MIG: 04:10:09 :  Invalid Param: DDR3_PHY_2_BITLANES ==> 48'h000_000_000_000
MIG: 04:10:09 :  Invalid Param: DDR3_CK_BYTE_MAP ==> 144'h00_00_00_00_00_00_00_00_00_00_00_00_00_00_00_00_00_00
MIG: 04:10:09 :  Invalid Param: DDR3_ADDR_MAP ==> 192'h000_000_000_002_004_009_007_001_005_006_003_010_012_014_011_01A
MIG: 04:10:09 :  Invalid Param: DDR3_BANK_MAP ==> 36'h01B_017_013
MIG: 04:10:09 :  Invalid Param: DDR3_CAS_MAP ==> 12'h015
MIG: 04:10:09 :  Invalid Param: DDR3_CKE_ODT_BYTE_MAP ==> 8'h00
MIG: 04:10:09 :  Invalid Param: DDR3_CKE_MAP ==> 96'h000_000_000_000_000_000_000_018
MIG: 04:10:09 :  Invalid Param: DDR3_ODT_MAP ==> 96'h000_000_000_000_000_000_000_008
MIG: 04:10:09 :  Invalid Param: DDR3_CS_MAP ==> 120'h000_000_000_000_000_000_000_000_000_019
MIG: 04:10:09 :  Invalid Param: DDR3_PARITY_MAP ==> 12'h000
MIG: 04:10:09 :  Invalid Param: DDR3_RAS_MAP ==> 12'h016
MIG: 04:10:09 :  Invalid Param: DDR3_WE_MAP ==> 12'h00B
MIG: 04:10:09 :  Invalid Param: DDR3_DQS_BYTE_MAP ==> 144'h00_00_00_00_00_00_00_00_00_00_00_00_00_00_00_00_02_03
MIG: 04:10:09 :  Invalid Param: DDR3_DATA0_MAP ==> 96'h034_033_032_035_031_038_037_036
MIG: 04:10:09 :  Invalid Param: DDR3_DATA1_MAP ==> 96'h023_027_022_028_025_026_020_024
MIG: 04:10:09 :  Invalid Param: DDR3_DATA2_MAP ==> 96'h000_000_000_000_000_000_000_000
MIG: 04:10:09 :  Invalid Param: DDR3_DATA3_MAP ==> 96'h000_000_000_000_000_000_000_000
MIG: 04:10:09 :  Invalid Param: DDR3_DATA4_MAP ==> 96'h000_000_000_000_000_000_000_000
MIG: 04:10:09 :  Invalid Param: DDR3_DATA5_MAP ==> 96'h000_000_000_000_000_000_000_000
MIG: 04:10:09 :  Invalid Param: DDR3_DATA6_MAP ==> 96'h000_000_000_000_000_000_000_000
MIG: 04:10:09 :  Invalid Param: DDR3_DATA7_MAP ==> 96'h000_000_000_000_000_000_000_000
MIG: 04:10:09 :  Invalid Param: DDR3_DATA8_MAP ==> 96'h000_000_000_000_000_000_000_000
MIG: 04:10:09 :  Invalid Param: DDR3_DATA9_MAP ==> 96'h000_000_000_000_000_000_000_000
MIG: 04:10:09 :  Invalid Param: DDR3_DATA10_MAP ==> 96'h000_000_000_000_000_000_000_000
MIG: 04:10:09 :  Invalid Param: DDR3_DATA11_MAP ==> 96'h000_000_000_000_000_000_000_000
MIG: 04:10:09 :  Invalid Param: DDR3_DATA12_MAP ==> 96'h000_000_000_000_000_000_000_000
MIG: 04:10:09 :  Invalid Param: DDR3_DATA13_MAP ==> 96'h000_000_000_000_000_000_000_000
MIG: 04:10:09 :  Invalid Param: DDR3_DATA14_MAP ==> 96'h000_000_000_000_000_000_000_000
MIG: 04:10:09 :  Invalid Param: DDR3_DATA15_MAP ==> 96'h000_000_000_000_000_000_000_000
MIG: 04:10:09 :  Invalid Param: DDR3_DATA16_MAP ==> 96'h000_000_000_000_000_000_000_000
MIG: 04:10:09 :  Invalid Param: DDR3_DATA17_MAP ==> 96'h000_000_000_000_000_000_000_000
MIG: 04:10:09 :  Invalid Param: DDR3_MASK0_MAP ==> 108'h000_000_000_000_000_000_000_029_039
MIG: 04:10:09 :  Invalid Param: DDR3_MASK1_MAP ==> 108'h000_000_000_000_000_000_000_000_000
MIG: 04:10:09 :  Invalid Param: DDR3_SLOT_0_CONFIG ==> 8'b0000_0001
MIG: 04:10:09 :  Invalid Param: DDR3_SLOT_1_CONFIG ==> 8'b0000_0000
MIG: 04:10:09 :  Invalid Param: DDR3_IBUF_LPWR_MODE ==> "OFF"
MIG: 04:10:09 :  Invalid Param: DDR3_DATA_IO_IDLE_PWRDWN ==> "ON"
MIG: 04:10:09 :  Invalid Param: DDR3_BANK_TYPE ==> "HR_IO"
MIG: 04:10:09 :  Invalid Param: DDR3_DATA_IO_PRIM_TYPE ==> "HR_LP"
MIG: 04:10:09 :  Invalid Param: DDR3_CKE_ODT_AUX ==> "FALSE"
MIG: 04:10:09 :  Invalid Param: DDR3_USER_REFRESH ==> "OFF"
MIG: 04:10:09 :  Invalid Param: DDR3_WRLVL ==> "ON"
MIG: 04:10:09 :  Invalid Param: DDR3_ORDERING ==> "NORM"
MIG: 04:10:09 :  Invalid Param: DDR3_CALIB_ROW_ADD ==> 16'h0000
MIG: 04:10:09 :  Invalid Param: DDR3_CALIB_COL_ADD ==> 12'h000
MIG: 04:10:09 :  Invalid Param: DDR3_CALIB_BA_ADD ==> 3'h0
MIG: 04:10:09 :  Invalid Param: DDR3_TCQ ==> 100
MIG: 04:10:09 :  Invalid Param: DDR3_IDELAY_ADJ ==> "OFF"
MIG: 04:10:09 :  Invalid Param: DDR3_FINE_PER_BIT ==> "OFF"
MIG: 04:10:09 :  Invalid Param: DDR3_CENTER_COMP_MODE ==> "OFF"
MIG: 04:10:09 :  Invalid Param: DDR3_PI_VAL_ADJ ==> "OFF"
MIG: 04:10:09 :  Invalid Param: DDR3_IODELAY_GRP0 ==> "SYSTEM_MIG_7SERIES_0_0_IODELAY_MIG0"
MIG: 04:10:09 :  Invalid Param: DDR3_IODELAY_GRP1 ==> "SYSTEM_MIG_7SERIES_0_0_IODELAY_MIG1"
MIG: 04:10:09 :  Invalid Param: DDR3_SYSCLK_TYPE ==> "SINGLE_ENDED"
MIG: 04:10:09 :  Invalid Param: DDR3_REFCLK_TYPE ==> "NO_BUFFER"
MIG: 04:10:09 :  Invalid Param: DDR3_SYS_RST_PORT ==> "FALSE"
MIG: 04:10:09 :  Invalid Param: DDR3_FPGA_SPEED_GRADE ==> 1
MIG: 04:10:09 :  Invalid Param: DDR3_CMD_PIPE_PLUS1 ==> "ON"
MIG: 04:10:09 :  Invalid Param: DDR3_DRAM_TYPE ==> "DDR3"
MIG: 04:10:09 :  Invalid Param: DDR3_CAL_WIDTH ==> "HALF"
MIG: 04:10:09 :  Invalid Param: DDR3_STARVE_LIMIT ==> 2
MIG: 04:10:09 :  Invalid Param: DDR3_REF_CLK_MMCM_IODELAY_CTRL ==> "FALSE"
MIG: 04:10:09 :  Invalid Param: DDR3_REFCLK_FREQ ==> 200.0
MIG: 04:10:09 :  Invalid Param: DDR3_DIFF_TERM_REFCLK ==> "TRUE"
MIG: 04:10:09 :  Invalid Param: DDR3_tCK ==> 3077
MIG: 04:10:09 : 4
MIG: 04:10:09 :  Valid Param: DDR3_nCK_PER_CLK ==> 4
MIG: 04:10:09 :  Invalid Param: DDR3_DIFF_TERM_SYSCLK ==> "FALSE"
MIG: 04:10:09 : TRUE
MIG: 04:10:09 :  Valid Param: UI_EXTRA_CLOCKS ==> TRUE
MIG: 04:10:09 : 
MIG: 04:10:09 :  Valid Param: C_S_AXI_ID_WIDTH ==> 4
MIG: 04:10:09 : 268435456
MIG: 04:10:09 :  Valid Param: C_S_AXI_MEM_SIZE ==> 268435456
MIG: 04:10:09 : 28
MIG: 04:10:09 :  Valid Param: C_S_AXI_ADDR_WIDTH ==> 28
MIG: 04:10:09 : 128
MIG: 04:10:09 :  Valid Param: C_S_AXI_DATA_WIDTH ==> 128
MIG: 04:10:09 :  Invalid Param: DDR3_C_MC_nCK_PER_CLK ==> 4
MIG: 04:10:09 :  Invalid Param: C_S_AXI_SUPPORTS_NARROW_BURST ==> 0
MIG: 04:10:09 :  Invalid Param: DDR3_C_RD_WR_ARB_ALGORITHM ==> "RD_PRI_REG"
MIG: 04:10:09 :  Invalid Param: C_S_AXI_REG_EN0 ==> 20'h00000
MIG: 04:10:09 :  Invalid Param: C_S_AXI_REG_EN1 ==> 20'h00000
MIG: 04:10:09 : 
MIG: 04:10:09 :  Valid Param: C_S_AXI_CTRL_ADDR_WIDTH ==> 32
MIG: 04:10:09 : 
MIG: 04:10:09 :  Valid Param: C_S_AXI_CTRL_DATA_WIDTH ==> 32
MIG: 04:10:09 :  Invalid Param: C_S_AXI_BASEADDR ==> 32'h0000_0000
MIG: 04:10:09 :  Invalid Param: C_ECC_ONOFF_RESET_VALUE ==> 1
MIG: 04:10:09 :  Invalid Param: C_ECC_CE_COUNTER_WIDTH ==> 8
MIG: 04:10:09 : 
MIG: 04:10:09 :  Valid Param: DDR3_DEBUG_PORT ==> OFF
MIG: 04:10:09 : 
MIG: 04:10:09 :  Invalid Param: DDR3_TEMP_MON_CONTROL ==> "EXTERNAL"
MIG: 04:10:09 :  Invalid Param: DDR3_FPGA_VOLT_TYPE ==> "N"
MIG: 04:10:09 :  Invalid Param: DDR3_RST_ACT_LOW ==> 1
MIG: 04:10:09 : SINGLE
MIG: 04:10:09 : NOBUF
MIG: 04:10:09 : 
MIG: 04:10:09 : Same Interface
MIG: 04:24:26 : Running synthesis.xit
MIG: 04:24:27 : IGN:     <ModuleName>system_mig_7series_0_2</ModuleName> <==>     <ModuleName>system_mig_7series_0_0</ModuleName> 
MIG: 04:24:27 : IGN:         <InputClkFreq>99.997</InputClkFreq> <==>         <InputClkFreq>99.997</InputClkFreq> 
MIG: 04:24:27 : Running vhdl_synth_rpr.xit
MIG: 04:24:27 : IGN:     <ModuleName>system_mig_7series_0_2</ModuleName> <==>     <ModuleName>system_mig_7series_0_0</ModuleName> 
MIG: 04:24:27 : IGN:         <InputClkFreq>99.997</InputClkFreq> <==>         <InputClkFreq>99.997</InputClkFreq> 
MIG: 04:24:28 : Running simulation.xit
MIG: 04:24:28 : IGN:     <ModuleName>system_mig_7series_0_2</ModuleName> <==>     <ModuleName>system_mig_7series_0_0</ModuleName> 
MIG: 04:24:28 : IGN:         <InputClkFreq>99.997</InputClkFreq> <==>         <InputClkFreq>99.997</InputClkFreq> 
MIG: 04:24:28 : Running vlog_sim_rpr.xit .. PRASAD DBG1
MIG: 04:24:28 : IGN:     <ModuleName>system_mig_7series_0_2</ModuleName> <==>     <ModuleName>system_mig_7series_0_0</ModuleName> 
MIG: 04:24:28 : IGN:         <InputClkFreq>99.997</InputClkFreq> <==>         <InputClkFreq>99.997</InputClkFreq> 
MIG: 04:24:29 : Running implementation.xit
MIG: 04:24:29 : IGN:     <ModuleName>system_mig_7series_0_2</ModuleName> <==>     <ModuleName>system_mig_7series_0_0</ModuleName> 
MIG: 04:24:29 : IGN:         <InputClkFreq>99.997</InputClkFreq> <==>         <InputClkFreq>99.997</InputClkFreq> 
MIG: 12:49:52 : Running synthesis.xit
MIG: 12:49:52 : ################# RUNNING MIG BATCH ###################
MIG: 12:49:52 : Writing IN file for 'system_mig_7series_0_0'...compDirPath: c:/Xilinx/Vivado/2017.1/data/ip/xilinx/mig_7series_v4_0... instDirPath: c:/sam_work/git/digilent/Arty-S7-50-base/src/bd/system/ip/system_mig_7series_0_0
MIG: 12:49:52 : synp_flow:  -- synthesis_mode: Other
MIG: 12:49:52 : outputDirectory: c:/sam_work/git/digilent/Arty-S7-50-base/src/bd/system/ip/system_mig_7series_0_0/_tmp/
MIG: 12:49:52 : vivado_mode: xpg_bd
MIG: 12:49:52 : isPortInterface: 0
MIG: 12:49:52 : isPortInterface: 0
MIG: 12:49:52 : isPortInterface: 0
MIG: 12:49:52 : isPortInterface: 0
MIG: 12:49:52 : isPortInterface: 0
MIG: 12:49:52 : isPortInterface: 0
MIG: 12:49:52 : isPortInterface: 0
MIG: 12:49:52 : isPortInterface: 0
MIG: 12:49:52 : isPortInterface: 0
MIG: 12:49:52 : isPortInterface: 0
MIG: 12:49:52 : isPortInterface: 0
MIG: 12:49:52 : isPortInterface: 0
MIG: 12:49:52 : isPortInterface: 0
MIG: 12:49:52 : isPortInterface: 0
MIG: 12:49:52 : isPortInterface: 0
MIG: 12:49:52 : isPortInterface: 0
MIG: 12:49:52 : isPortInterface: 0
MIG: 12:49:52 : isPortInterface: 0
MIG: 12:49:52 : isPortInterface: 0
MIG: 12:49:52 : isPortInterface: 0
MIG: 12:49:52 : isPortInterface: 0
MIG: 12:49:52 : isPortInterface: 0
MIG: 12:49:52 : isPortInterface: 0
MIG: 12:49:52 : isPortInterface: 0
MIG: 12:49:52 : isPortInterface: 0
MIG: 12:49:52 : isPortInterface: 0
MIG: 12:49:52 : isPortInterface: 0
MIG: 12:49:52 : isPortInterface: 0
MIG: 12:49:52 : isPortInterface: 0
MIG: 12:49:52 : isPortInterface: 0
MIG: 12:49:52 : isPortInterface: 0
MIG: 12:49:52 : isPortInterface: 0
MIG: 12:49:52 : isPortInterface: 0
MIG: 12:49:52 : isPortInterface: 0
MIG: 12:49:52 : isPortInterface: 0
MIG: 12:49:52 : isPortInterface: 0
MIG: 12:49:52 : isPortInterface: 0
MIG: 12:49:52 : isPortInterface: 0
MIG: 12:49:52 : isPortInterface: 0
MIG: 12:49:52 : isPortInterface: 0
MIG: 12:49:52 : isPortInterface: 0
MIG: 12:49:52 : isPortInterface: 0
MIG: 12:49:52 : isPortInterface: 0
MIG: 12:49:52 : isPortInterface: 0
MIG: 12:49:52 : isPortInterface: 0
MIG: 12:49:52 : isPortInterface: 0
MIG: 12:49:52 : isPortInterface: 0
MIG: 12:49:52 : isPortInterface: 0
MIG: 12:49:52 : isPortInterface: 0
MIG: 12:49:52 : isPortInterface: 0
MIG: 12:49:52 : isPortInterface: 0
MIG: 12:49:52 : isPortInterface: 0
MIG: 12:49:52 : isPortInterface: 0
MIG: 12:49:52 : isPortInterface: 0
MIG: 12:49:52 : isPortInterface: 0
MIG: 12:49:52 : isPortInterface: 0
MIG: 12:49:52 : isPortInterface: 0
MIG: 12:49:52 : isPortInterface: 0
MIG: 12:49:52 : isPortInterface: 0
MIG: 12:49:52 : isPortInterface: 0
MIG: 12:49:52 : isPortInterface: 0
MIG: 12:49:52 : isPortInterface: 0
MIG: 12:49:52 : isPortInterface: 0
MIG: 12:49:52 : isPortInterface: 0
MIG: 12:49:52 : isPortInterface: 0
MIG: 12:49:52 : isPortInterface: 0
MIG: 12:49:52 : isPortInterface: 0
MIG: 12:49:52 : isPortInterface: 0
MIG: 12:49:52 : isPortInterface: 0
MIG: 12:49:52 : isPortInterface: 0
MIG: 12:49:52 : isPortInterface: 0
MIG: 12:49:52 : isPortInterface: 0
MIG: 12:49:52 : isPortInterface: 0
MIG: 12:49:52 : isPortInterface: 0
MIG: 12:49:52 : isPortInterface: 0
MIG: 12:49:52 : isPortInterface: 0
MIG: 12:49:52 : isPortInterface: 0
MIG: 12:49:52 : isPortInterface: 0
MIG: 12:49:52 : isPortInterface: 0
MIG: 12:49:52 : isPortInterface: 0
MIG: 12:49:52 : isPortInterface: 0
MIG: 12:49:52 : isPortInterface: 0
MIG: 12:49:52 : isPortInterface: 0
MIG: 12:49:52 : isPortInterface: 0
MIG: 12:49:52 : isPortInterface: 0
MIG: 12:49:52 : isPortInterface: 0
MIG: 12:49:52 : isPortInterface: 0
MIG: 12:49:52 : isPortInterface: 0
MIG: 12:49:52 : isPortInterface: 0
MIG: 12:49:52 : isPortInterface: 0
MIG: 12:49:52 : isPortInterface: 0
MIG: 12:49:52 : isPortInterface: 0
MIG: 12:49:52 : isPortInterface: 0
MIG: 12:49:52 : isPortInterface: 0
MIG: 12:49:52 : isPortInterface: 0
MIG: 12:49:52 : isPortInterface: 0
MIG: 12:49:52 : isPortInterface: 0
MIG: 12:49:52 : isPortInterface: 0
MIG: 12:49:52 : isPortInterface: 0
MIG: 12:49:52 : isPortInterface: 0
MIG: 12:49:52 : isPortInterface: 0
MIG: 12:49:52 : isPortInterface: 0
MIG: 12:49:52 : isPortInterface: 0
MIG: 12:49:52 : isPortInterface: 0
MIG: 12:49:52 : isPortInterface: 0
MIG: 12:49:52 : isPortInterface: 0
MIG: 12:49:52 : isPortInterface: 0
MIG: 12:49:52 : isPortInterface: 0
MIG: 12:49:52 : isPortInterface: 0
MIG: 12:49:52 : isPortInterface: 0
MIG: 12:49:52 : isPortInterface: 0
MIG: 12:49:52 : isPortInterface: 0
MIG: 12:49:52 : isPortInterface: 0
MIG: 12:49:52 : isPortInterface: 0
MIG: 12:49:52 : isPortInterface: 0
MIG: 12:49:52 : isPortInterface: 0
MIG: 12:49:52 : isPortInterface: 0
MIG: 12:49:52 : isPortInterface: 0
MIG: 12:49:52 : isPortInterface: 0
MIG: 12:49:52 : isPortInterface: 0
MIG: 12:49:52 : isPortInterface: 0
MIG: 12:49:52 : isPortInterface: 0
MIG: 12:49:52 : isPortInterface: 0
MIG: 12:49:52 : isPortInterface: 0
MIG: 12:49:52 : isPortInterface: 0
MIG: 12:49:52 : isPortInterface: 0
MIG: 12:49:52 : isPortInterface: 0
MIG: 12:49:52 : isPortInterface: 1
MIG: 12:49:52 : isPortInterface: 0
MIG: 12:49:52 : isPortInterface: 0
MIG: 12:49:52 : isPortInterface: 0
MIG: 12:49:52 : isPortInterface: 0
MIG: 12:49:52 : isPortInterface: 0
MIG: 12:49:52 : isPortInterface: 0
MIG: 12:49:52 : isPortInterface: 0
MIG: 12:49:52 : isPortInterface: 0
MIG: 12:49:52 : isPortInterface: 0
MIG: 12:49:52 : isPortInterface: 0
MIG: 12:49:52 :  locked false  
MIG: 12:49:52 : HDL Language: Verilog
MIG: 12:49:53 : compInfo: false
MIG: 12:49:53 : Vivado Options xc7s50 csga324 -1
MIG: 12:49:53 : 1: xc7s50 2: csga324 3: -1
MIG: 12:49:53 : relative mig path: coregen/ip/xilinx/other/com/xilinx/ip/mig_7series_v4_0/bin/nt64/mig.exe
MIG: 12:49:53 : xilinx_path: C:/Xilinx/Vivado/2017.1/ids_lite/ISE
MIG: 12:49:53 : I am in catch area
MIG: 12:49:53 : Running C:/Xilinx/Vivado/2017.1/ids_lite/ISE/coregen/ip/xilinx/other/com/xilinx/ip/mig_7series_v4_0/bin/nt64/mig.exe -cg_exc_inp c:/sam_work/git/digilent/Arty-S7-50-base/src/bd/system/ip/system_mig_7series_0_0/xil_txt.in -cg_exc_out c:/sam_work/git/digilent/Arty-S7-50-base/src/bd/system/ip/system_mig_7series_0_0/xil_txt.out ... 
MIG: 12:50:06 : XML_INPUT_FILE: c:/sam_work/git/digilent/Arty-S7-50-base/src/bd/system/ip/system_mig_7series_0_0/board.prj
MIG: 12:50:06 : Component_Name: system_mig_7series_0_0
MIG: 12:50:06 : Moving system_mig_7series_0_0 ...
MIG: 12:50:06 : Moving system_mig_7series_0_0.veo ...
MIG: 12:50:06 : Moving system_mig_7series_0_0_xmdf.tcl ...
MIG: 12:50:06 : Running vhdl_synth_rpr.xit
MIG: 12:50:06 : IGN:     <ModuleName>system_mig_7series_0_2</ModuleName> <==>     <ModuleName>system_mig_7series_0_0</ModuleName> 
MIG: 12:50:06 : IGN:         <InputClkFreq>99.997</InputClkFreq> <==>         <InputClkFreq>99.997</InputClkFreq> 
MIG: 12:50:06 : Running simulation.xit
MIG: 12:50:07 : ################# RUNNING MIG BATCH ###################
MIG: 12:50:07 : Writing IN file for 'system_mig_7series_0_0'...compDirPath: c:/Xilinx/Vivado/2017.1/data/ip/xilinx/mig_7series_v4_0... instDirPath: c:/sam_work/git/digilent/Arty-S7-50-base/src/bd/system/ip/system_mig_7series_0_0
MIG: 12:50:07 : synp_flow:  -- synthesis_mode: Other
MIG: 12:50:07 : outputDirectory: c:/sam_work/git/digilent/Arty-S7-50-base/src/bd/system/ip/system_mig_7series_0_0/_tmp/
MIG: 12:50:07 : vivado_mode: xpg_bd
MIG: 12:50:07 : isPortInterface: 0
MIG: 12:50:07 : isPortInterface: 0
MIG: 12:50:07 : isPortInterface: 0
MIG: 12:50:07 : isPortInterface: 0
MIG: 12:50:07 : isPortInterface: 0
MIG: 12:50:07 : isPortInterface: 0
MIG: 12:50:07 : isPortInterface: 0
MIG: 12:50:07 : isPortInterface: 0
MIG: 12:50:07 : isPortInterface: 0
MIG: 12:50:07 : isPortInterface: 0
MIG: 12:50:07 : isPortInterface: 0
MIG: 12:50:07 : isPortInterface: 0
MIG: 12:50:07 : isPortInterface: 0
MIG: 12:50:07 : isPortInterface: 0
MIG: 12:50:07 : isPortInterface: 0
MIG: 12:50:07 : isPortInterface: 0
MIG: 12:50:07 : isPortInterface: 0
MIG: 12:50:07 : isPortInterface: 0
MIG: 12:50:07 : isPortInterface: 0
MIG: 12:50:07 : isPortInterface: 0
MIG: 12:50:07 : isPortInterface: 0
MIG: 12:50:07 : isPortInterface: 0
MIG: 12:50:07 : isPortInterface: 0
MIG: 12:50:07 : isPortInterface: 0
MIG: 12:50:07 : isPortInterface: 0
MIG: 12:50:07 : isPortInterface: 0
MIG: 12:50:07 : isPortInterface: 0
MIG: 12:50:07 : isPortInterface: 0
MIG: 12:50:07 : isPortInterface: 0
MIG: 12:50:07 : isPortInterface: 0
MIG: 12:50:07 : isPortInterface: 0
MIG: 12:50:07 : isPortInterface: 0
MIG: 12:50:07 : isPortInterface: 0
MIG: 12:50:07 : isPortInterface: 0
MIG: 12:50:07 : isPortInterface: 0
MIG: 12:50:07 : isPortInterface: 0
MIG: 12:50:07 : isPortInterface: 0
MIG: 12:50:07 : isPortInterface: 0
MIG: 12:50:07 : isPortInterface: 0
MIG: 12:50:07 : isPortInterface: 0
MIG: 12:50:07 : isPortInterface: 0
MIG: 12:50:07 : isPortInterface: 0
MIG: 12:50:07 : isPortInterface: 0
MIG: 12:50:07 : isPortInterface: 0
MIG: 12:50:07 : isPortInterface: 0
MIG: 12:50:07 : isPortInterface: 0
MIG: 12:50:07 : isPortInterface: 0
MIG: 12:50:07 : isPortInterface: 0
MIG: 12:50:07 : isPortInterface: 0
MIG: 12:50:07 : isPortInterface: 0
MIG: 12:50:07 : isPortInterface: 0
MIG: 12:50:07 : isPortInterface: 0
MIG: 12:50:07 : isPortInterface: 0
MIG: 12:50:07 : isPortInterface: 0
MIG: 12:50:07 : isPortInterface: 0
MIG: 12:50:07 : isPortInterface: 0
MIG: 12:50:07 : isPortInterface: 0
MIG: 12:50:07 : isPortInterface: 0
MIG: 12:50:07 : isPortInterface: 0
MIG: 12:50:07 : isPortInterface: 0
MIG: 12:50:07 : isPortInterface: 0
MIG: 12:50:07 : isPortInterface: 0
MIG: 12:50:07 : isPortInterface: 0
MIG: 12:50:07 : isPortInterface: 0
MIG: 12:50:07 : isPortInterface: 0
MIG: 12:50:07 : isPortInterface: 0
MIG: 12:50:07 : isPortInterface: 0
MIG: 12:50:07 : isPortInterface: 0
MIG: 12:50:07 : isPortInterface: 0
MIG: 12:50:07 : isPortInterface: 0
MIG: 12:50:07 : isPortInterface: 0
MIG: 12:50:07 : isPortInterface: 0
MIG: 12:50:07 : isPortInterface: 0
MIG: 12:50:07 : isPortInterface: 0
MIG: 12:50:07 : isPortInterface: 0
MIG: 12:50:07 : isPortInterface: 0
MIG: 12:50:07 : isPortInterface: 0
MIG: 12:50:07 : isPortInterface: 0
MIG: 12:50:07 : isPortInterface: 0
MIG: 12:50:07 : isPortInterface: 0
MIG: 12:50:07 : isPortInterface: 0
MIG: 12:50:07 : isPortInterface: 0
MIG: 12:50:07 : isPortInterface: 0
MIG: 12:50:07 : isPortInterface: 0
MIG: 12:50:07 : isPortInterface: 0
MIG: 12:50:07 : isPortInterface: 0
MIG: 12:50:07 : isPortInterface: 0
MIG: 12:50:07 : isPortInterface: 0
MIG: 12:50:07 : isPortInterface: 0
MIG: 12:50:07 : isPortInterface: 0
MIG: 12:50:07 : isPortInterface: 0
MIG: 12:50:07 : isPortInterface: 0
MIG: 12:50:07 : isPortInterface: 0
MIG: 12:50:07 : isPortInterface: 0
MIG: 12:50:07 : isPortInterface: 0
MIG: 12:50:07 : isPortInterface: 0
MIG: 12:50:07 : isPortInterface: 0
MIG: 12:50:07 : isPortInterface: 0
MIG: 12:50:07 : isPortInterface: 0
MIG: 12:50:07 : isPortInterface: 0
MIG: 12:50:07 : isPortInterface: 0
MIG: 12:50:07 : isPortInterface: 0
MIG: 12:50:07 : isPortInterface: 0
MIG: 12:50:07 : isPortInterface: 0
MIG: 12:50:07 : isPortInterface: 0
MIG: 12:50:07 : isPortInterface: 0
MIG: 12:50:07 : isPortInterface: 0
MIG: 12:50:07 : isPortInterface: 0
MIG: 12:50:07 : isPortInterface: 0
MIG: 12:50:07 : isPortInterface: 0
MIG: 12:50:07 : isPortInterface: 0
MIG: 12:50:07 : isPortInterface: 0
MIG: 12:50:07 : isPortInterface: 0
MIG: 12:50:07 : isPortInterface: 0
MIG: 12:50:07 : isPortInterface: 0
MIG: 12:50:07 : isPortInterface: 0
MIG: 12:50:07 : isPortInterface: 0
MIG: 12:50:07 : isPortInterface: 0
MIG: 12:50:07 : isPortInterface: 0
MIG: 12:50:07 : isPortInterface: 0
MIG: 12:50:07 : isPortInterface: 0
MIG: 12:50:07 : isPortInterface: 0
MIG: 12:50:07 : isPortInterface: 0
MIG: 12:50:07 : isPortInterface: 0
MIG: 12:50:07 : isPortInterface: 0
MIG: 12:50:07 : isPortInterface: 0
MIG: 12:50:07 : isPortInterface: 0
MIG: 12:50:07 : isPortInterface: 1
MIG: 12:50:07 : isPortInterface: 0
MIG: 12:50:07 : isPortInterface: 0
MIG: 12:50:07 : isPortInterface: 0
MIG: 12:50:07 : isPortInterface: 0
MIG: 12:50:07 : isPortInterface: 0
MIG: 12:50:07 : isPortInterface: 0
MIG: 12:50:07 : isPortInterface: 0
MIG: 12:50:07 : isPortInterface: 0
MIG: 12:50:07 : isPortInterface: 0
MIG: 12:50:07 : isPortInterface: 0
MIG: 12:50:07 :  locked false  
MIG: 12:50:07 : HDL Language: Verilog
MIG: 12:50:07 : compInfo: false
MIG: 12:50:07 : Vivado Options xc7s50 csga324 -1
MIG: 12:50:07 : 1: xc7s50 2: csga324 3: -1
MIG: 12:50:07 : relative mig path: coregen/ip/xilinx/other/com/xilinx/ip/mig_7series_v4_0/bin/nt64/mig.exe
MIG: 12:50:07 : xilinx_path: C:/Xilinx/Vivado/2017.1/ids_lite/ISE
MIG: 12:50:07 : I am in catch area
MIG: 12:50:07 : Running C:/Xilinx/Vivado/2017.1/ids_lite/ISE/coregen/ip/xilinx/other/com/xilinx/ip/mig_7series_v4_0/bin/nt64/mig.exe -cg_exc_inp c:/sam_work/git/digilent/Arty-S7-50-base/src/bd/system/ip/system_mig_7series_0_0/xil_txt.in -cg_exc_out c:/sam_work/git/digilent/Arty-S7-50-base/src/bd/system/ip/system_mig_7series_0_0/xil_txt.out ... 
MIG: 12:50:17 : XML_INPUT_FILE: c:/sam_work/git/digilent/Arty-S7-50-base/src/bd/system/ip/system_mig_7series_0_0/board.prj
MIG: 12:50:17 : Component_Name: system_mig_7series_0_0
MIG: 12:50:17 : Moving system_mig_7series_0_0 ...
MIG: 12:50:17 : Moving system_mig_7series_0_0.veo ...
MIG: 12:50:17 : Moving system_mig_7series_0_0_xmdf.tcl ...
MIG: 12:50:18 : Running vlog_sim_rpr.xit .. PRASAD DBG1
MIG: 12:50:18 : IGN:     <ModuleName>system_mig_7series_0_2</ModuleName> <==>     <ModuleName>system_mig_7series_0_0</ModuleName> 
MIG: 12:50:18 : IGN:         <InputClkFreq>99.997</InputClkFreq> <==>         <InputClkFreq>99.997</InputClkFreq> 
MIG: 12:50:18 : Running implementation.xit
MIG: 12:50:18 : IGN:     <ModuleName>system_mig_7series_0_2</ModuleName> <==>     <ModuleName>system_mig_7series_0_0</ModuleName> 
MIG: 12:50:18 : IGN:         <InputClkFreq>99.997</InputClkFreq> <==>         <InputClkFreq>99.997</InputClkFreq> 
